  [1m[35m (9317.6ms)[0m  [1m[35mCREATE DATABASE "google-arts-culture_development" ENCODING = 'unicode'[0m
  ↳ bin/rails:9
  [1m[35m (3705.3ms)[0m  [1m[35mCREATE DATABASE "google-arts-culture_test" ENCODING = 'unicode'[0m
  ↳ bin/rails:9
  [1m[35m (773.2ms)[0m  [1m[35mCREATE TABLE "schema_migrations" ("version" character varying NOT NULL PRIMARY KEY)[0m
  ↳ bin/rails:9
  [1m[35m (323.9ms)[0m  [1m[35mCREATE TABLE "ar_internal_metadata" ("key" character varying NOT NULL PRIMARY KEY, "value" character varying, "created_at" timestamp NOT NULL, "updated_at" timestamp NOT NULL)[0m
  ↳ bin/rails:9
  [1m[35m (0.2ms)[0m  [1m[34mSELECT pg_try_advisory_lock(3208094165891956635)[0m
  ↳ bin/rails:9
  [1m[35m (0.6ms)[0m  [1m[34mSELECT "schema_migrations"."version" FROM "schema_migrations" ORDER BY "schema_migrations"."version" ASC[0m
  ↳ bin/rails:9
Migrating to CreateUsers (20210510173835)
  [1m[35m (0.2ms)[0m  [1m[35mBEGIN[0m
  ↳ bin/rails:9
  [1m[35m (268.8ms)[0m  [1m[35mCREATE TABLE "users" ("id" bigserial primary key, "email" character varying NOT NULL, "first_name" character varying NOT NULL, "last_name" character varying NOT NULL, "password_digest" character varying NOT NULL, "session_token" character varying NOT NULL, "profile_image_url" character varying, "created_at" timestamp NOT NULL, "updated_at" timestamp NOT NULL)[0m
  ↳ db/migrate/20210510173835_create_users.rb:3
  [1m[35m (95.8ms)[0m  [1m[35mCREATE UNIQUE INDEX  "index_users_on_email" ON "users"  ("email")[0m
  ↳ db/migrate/20210510173835_create_users.rb:13
  [1m[35m (2.1ms)[0m  [1m[35mCREATE  INDEX  "index_users_on_first_name" ON "users"  ("first_name")[0m
  ↳ db/migrate/20210510173835_create_users.rb:14
  [1m[35m (11.2ms)[0m  [1m[35mCREATE  INDEX  "index_users_on_last_name" ON "users"  ("last_name")[0m
  ↳ db/migrate/20210510173835_create_users.rb:15
  [1m[35m (27.0ms)[0m  [1m[35mCREATE UNIQUE INDEX  "index_users_on_session_token" ON "users"  ("session_token")[0m
  ↳ db/migrate/20210510173835_create_users.rb:16
  [1m[36mActiveRecord::SchemaMigration Create (0.6ms)[0m  [1m[32mINSERT INTO "schema_migrations" ("version") VALUES ($1) RETURNING "version"[0m  [["version", "20210510173835"]]
  ↳ bin/rails:9
  [1m[35m (218.8ms)[0m  [1m[35mCOMMIT[0m
  ↳ bin/rails:9
Migrating to CreateArtworks (20210510173920)
  [1m[35m (58.3ms)[0m  [1m[35mBEGIN[0m
  ↳ bin/rails:9
  [1m[35m (375.2ms)[0m  [1m[35mCREATE TABLE "artworks" ("id" bigserial primary key, "title" character varying NOT NULL, "creator_id" integer NOT NULL, "date_created" date NOT NULL, "color" character varying NOT NULL, "style" character varying NOT NULL, "medium" character varying NOT NULL, "partner_organization" character varying NOT NULL, "created_at" timestamp NOT NULL, "updated_at" timestamp NOT NULL)[0m
  ↳ db/migrate/20210510173920_create_artworks.rb:3
  [1m[35m (9.7ms)[0m  [1m[35mCREATE  INDEX  "index_artworks_on_title" ON "artworks"  ("title")[0m
  ↳ db/migrate/20210510173920_create_artworks.rb:14
  [1m[35m (10.4ms)[0m  [1m[35mCREATE  INDEX  "index_artworks_on_creator_id" ON "artworks"  ("creator_id")[0m
  ↳ db/migrate/20210510173920_create_artworks.rb:15
  [1m[36mActiveRecord::SchemaMigration Create (0.3ms)[0m  [1m[32mINSERT INTO "schema_migrations" ("version") VALUES ($1) RETURNING "version"[0m  [["version", "20210510173920"]]
  ↳ bin/rails:9
  [1m[35m (2.6ms)[0m  [1m[35mCOMMIT[0m
  ↳ bin/rails:9
Migrating to CreateArtists (20210510173957)
  [1m[35m (46.9ms)[0m  [1m[35mBEGIN[0m
  ↳ bin/rails:9
  [1m[35m (10.4ms)[0m  [1m[35mCREATE TABLE "artists" ("id" bigserial primary key, "name" character varying NOT NULL, "born" date NOT NULL, "died" date NOT NULL, "created_at" timestamp NOT NULL, "updated_at" timestamp NOT NULL)[0m
  ↳ db/migrate/20210510173957_create_artists.rb:3
  [1m[35m (16.5ms)[0m  [1m[35mCREATE  INDEX  "index_artists_on_name" ON "artists"  ("name")[0m
  ↳ db/migrate/20210510173957_create_artists.rb:10
  [1m[36mActiveRecord::SchemaMigration Create (0.5ms)[0m  [1m[32mINSERT INTO "schema_migrations" ("version") VALUES ($1) RETURNING "version"[0m  [["version", "20210510173957"]]
  ↳ bin/rails:9
  [1m[35m (1.9ms)[0m  [1m[35mCOMMIT[0m
  ↳ bin/rails:9
Migrating to CreateFavorites (20210510174026)
  [1m[35m (52.2ms)[0m  [1m[35mBEGIN[0m
  ↳ bin/rails:9
  [1m[35m (51.9ms)[0m  [1m[35mCREATE TABLE "favorites" ("id" bigserial primary key, "favoriter_id" integer NOT NULL, "artwork_id" integer NOT NULL, "created_at" timestamp NOT NULL, "updated_at" timestamp NOT NULL)[0m
  ↳ db/migrate/20210510174026_create_favorites.rb:3
  [1m[35m (483.7ms)[0m  [1m[35mCREATE  INDEX  "index_favorites_on_favoriter_id" ON "favorites"  ("favoriter_id")[0m
  ↳ db/migrate/20210510174026_create_favorites.rb:9
  [1m[35m (62.3ms)[0m  [1m[35mCREATE  INDEX  "index_favorites_on_artwork_id" ON "favorites"  ("artwork_id")[0m
  ↳ db/migrate/20210510174026_create_favorites.rb:10
  [1m[36mActiveRecord::SchemaMigration Create (0.4ms)[0m  [1m[32mINSERT INTO "schema_migrations" ("version") VALUES ($1) RETURNING "version"[0m  [["version", "20210510174026"]]
  ↳ bin/rails:9
  [1m[35m (13.0ms)[0m  [1m[35mCOMMIT[0m
  ↳ bin/rails:9
Migrating to CreateGalleries (20210510174036)
  [1m[35m (29.0ms)[0m  [1m[35mBEGIN[0m
  ↳ bin/rails:9
  [1m[35m (16.7ms)[0m  [1m[35mCREATE TABLE "galleries" ("id" bigserial primary key, "title" character varying NOT NULL, "description" text, "user_id" integer NOT NULL, "created_at" timestamp NOT NULL, "updated_at" timestamp NOT NULL)[0m
  ↳ db/migrate/20210510174036_create_galleries.rb:3
  [1m[35m (22.5ms)[0m  [1m[35mCREATE  INDEX  "index_galleries_on_title" ON "galleries"  ("title")[0m
  ↳ db/migrate/20210510174036_create_galleries.rb:10
  [1m[35m (1.6ms)[0m  [1m[35mCREATE  INDEX  "index_galleries_on_user_id" ON "galleries"  ("user_id")[0m
  ↳ db/migrate/20210510174036_create_galleries.rb:11
  [1m[36mActiveRecord::SchemaMigration Create (0.3ms)[0m  [1m[32mINSERT INTO "schema_migrations" ("version") VALUES ($1) RETURNING "version"[0m  [["version", "20210510174036"]]
  ↳ bin/rails:9
  [1m[35m (13.3ms)[0m  [1m[35mCOMMIT[0m
  ↳ bin/rails:9
Migrating to CreateCollectedArtworks (20210510174104)
  [1m[35m (25.8ms)[0m  [1m[35mBEGIN[0m
  ↳ bin/rails:9
  [1m[35m (141.4ms)[0m  [1m[35mCREATE TABLE "collected_artworks" ("id" bigserial primary key, "gallery_id" integer NOT NULL, "artwork_id" integer NOT NULL, "created_at" timestamp NOT NULL, "updated_at" timestamp NOT NULL)[0m
  ↳ db/migrate/20210510174104_create_collected_artworks.rb:3
  [1m[35m (80.1ms)[0m  [1m[35mCREATE  INDEX  "index_collected_artworks_on_gallery_id" ON "collected_artworks"  ("gallery_id")[0m
  ↳ db/migrate/20210510174104_create_collected_artworks.rb:10
  [1m[35m (39.2ms)[0m  [1m[35mCREATE  INDEX  "index_collected_artworks_on_artwork_id" ON "collected_artworks"  ("artwork_id")[0m
  ↳ db/migrate/20210510174104_create_collected_artworks.rb:11
  [1m[36mActiveRecord::SchemaMigration Create (0.3ms)[0m  [1m[32mINSERT INTO "schema_migrations" ("version") VALUES ($1) RETURNING "version"[0m  [["version", "20210510174104"]]
  ↳ bin/rails:9
  [1m[35m (1.0ms)[0m  [1m[35mCOMMIT[0m
  ↳ bin/rails:9
  [1m[36mActiveRecord::InternalMetadata Load (39.1ms)[0m  [1m[34mSELECT  "ar_internal_metadata".* FROM "ar_internal_metadata" WHERE "ar_internal_metadata"."key" = $1 LIMIT $2[0m  [["key", "environment"], ["LIMIT", 1]]
  ↳ bin/rails:9
  [1m[35m (0.1ms)[0m  [1m[35mBEGIN[0m
  ↳ bin/rails:9
  [1m[36mActiveRecord::InternalMetadata Create (13.6ms)[0m  [1m[32mINSERT INTO "ar_internal_metadata" ("key", "value", "created_at", "updated_at") VALUES ($1, $2, $3, $4) RETURNING "key"[0m  [["key", "environment"], ["value", "development"], ["created_at", "2021-05-10 18:11:05.927088"], ["updated_at", "2021-05-10 18:11:05.927088"]]
  ↳ bin/rails:9
  [1m[35m (43.9ms)[0m  [1m[35mCOMMIT[0m
  ↳ bin/rails:9
  [1m[35m (0.2ms)[0m  [1m[34mSELECT pg_advisory_unlock(3208094165891956635)[0m
  ↳ bin/rails:9
  [1m[35m (0.4ms)[0m  [1m[34mSELECT "schema_migrations"."version" FROM "schema_migrations" ORDER BY "schema_migrations"."version" ASC[0m
  ↳ bin/rails:9
  [1m[35m (0.8ms)[0m  [1m[34mSELECT "schema_migrations"."version" FROM "schema_migrations" ORDER BY "schema_migrations"."version" ASC[0m
  ↳ /Users/Angela/.rbenv/versions/2.5.1/bin/annotate:23
  [1m[35m (0.8ms)[0m  [1m[34mSELECT "schema_migrations"."version" FROM "schema_migrations" ORDER BY "schema_migrations"."version" ASC[0m
  ↳ /Users/Angela/.rbenv/versions/2.5.1/bin/annotate:23
  [1m[35m (0.2ms)[0m  [1m[34mSELECT pg_try_advisory_lock(3208094165891956635)[0m
  ↳ bin/rails:9
  [1m[35m (128.1ms)[0m  [1m[34mSELECT "schema_migrations"."version" FROM "schema_migrations" ORDER BY "schema_migrations"."version" ASC[0m
  ↳ bin/rails:9
Migrating to EditArtworks (20210510214809)
  [1m[35m (0.2ms)[0m  [1m[35mBEGIN[0m
  ↳ bin/rails:9
  [1m[35m (185.8ms)[0m  [1m[35mALTER TABLE "artworks" ADD "url" character varying NOT NULL[0m
  ↳ db/migrate/20210510214809_edit_artworks.rb:3
  [1m[35m (0.7ms)[0m  [1m[35mALTER TABLE "artworks" ADD "thumb_url" character varying NOT NULL[0m
  ↳ db/migrate/20210510214809_edit_artworks.rb:4
  [1m[36mActiveRecord::SchemaMigration Create (0.4ms)[0m  [1m[32mINSERT INTO "schema_migrations" ("version") VALUES ($1) RETURNING "version"[0m  [["version", "20210510214809"]]
  ↳ bin/rails:9
  [1m[35m (13.7ms)[0m  [1m[35mCOMMIT[0m
  ↳ bin/rails:9
  [1m[36mActiveRecord::InternalMetadata Load (0.5ms)[0m  [1m[34mSELECT  "ar_internal_metadata".* FROM "ar_internal_metadata" WHERE "ar_internal_metadata"."key" = $1 LIMIT $2[0m  [["key", "environment"], ["LIMIT", 1]]
  ↳ bin/rails:9
  [1m[35m (0.1ms)[0m  [1m[35mBEGIN[0m
  ↳ bin/rails:9
  [1m[35m (0.1ms)[0m  [1m[35mCOMMIT[0m
  ↳ bin/rails:9
  [1m[35m (0.2ms)[0m  [1m[34mSELECT pg_advisory_unlock(3208094165891956635)[0m
  ↳ bin/rails:9
  [1m[35m (0.2ms)[0m  [1m[34mSELECT "schema_migrations"."version" FROM "schema_migrations" ORDER BY "schema_migrations"."version" ASC[0m
  ↳ bin/rails:9
Started GET "/" for ::1 at 2021-05-11 09:37:43 -0400
  [1m[35m (65.8ms)[0m  [1m[34mSELECT "schema_migrations"."version" FROM "schema_migrations" ORDER BY "schema_migrations"."version" ASC[0m
  ↳ /Users/Angela/.rbenv/versions/2.5.1/lib/ruby/gems/2.5.0/gems/activerecord-5.2.5/lib/active_record/log_subscriber.rb:98
Processing by Rails::WelcomeController#index as HTML
  Rendering /Users/Angela/.rbenv/versions/2.5.1/lib/ruby/gems/2.5.0/gems/railties-5.2.5/lib/rails/templates/rails/welcome/index.html.erb
  Rendered /Users/Angela/.rbenv/versions/2.5.1/lib/ruby/gems/2.5.0/gems/railties-5.2.5/lib/rails/templates/rails/welcome/index.html.erb (10.5ms)
Completed 200 OK in 43ms (Views: 24.1ms | ActiveRecord: 0.0ms)


Started GET "/" for ::1 at 2021-05-11 09:43:39 -0400
Processing by Rails::WelcomeController#index as HTML
  Rendering /Users/Angela/.rbenv/versions/2.5.1/lib/ruby/gems/2.5.0/gems/railties-5.2.5/lib/rails/templates/rails/welcome/index.html.erb
  Rendered /Users/Angela/.rbenv/versions/2.5.1/lib/ruby/gems/2.5.0/gems/railties-5.2.5/lib/rails/templates/rails/welcome/index.html.erb (2.3ms)
Completed 200 OK in 43ms (Views: 7.7ms | ActiveRecord: 0.0ms)


Started GET "/signup" for ::1 at 2021-05-11 09:44:25 -0400
  
ActionController::RoutingError (No route matches [GET] "/signup"):
  
actionpack (5.2.5) lib/action_dispatch/middleware/debug_exceptions.rb:65:in `call'
web-console (3.7.0) lib/web_console/middleware.rb:135:in `call_app'
web-console (3.7.0) lib/web_console/middleware.rb:30:in `block in call'
web-console (3.7.0) lib/web_console/middleware.rb:20:in `catch'
web-console (3.7.0) lib/web_console/middleware.rb:20:in `call'
actionpack (5.2.5) lib/action_dispatch/middleware/show_exceptions.rb:33:in `call'
railties (5.2.5) lib/rails/rack/logger.rb:38:in `call_app'
railties (5.2.5) lib/rails/rack/logger.rb:26:in `block in call'
activesupport (5.2.5) lib/active_support/tagged_logging.rb:71:in `block in tagged'
activesupport (5.2.5) lib/active_support/tagged_logging.rb:28:in `tagged'
activesupport (5.2.5) lib/active_support/tagged_logging.rb:71:in `tagged'
railties (5.2.5) lib/rails/rack/logger.rb:26:in `call'
sprockets-rails (3.2.2) lib/sprockets/rails/quiet_assets.rb:13:in `call'
actionpack (5.2.5) lib/action_dispatch/middleware/remote_ip.rb:81:in `call'
actionpack (5.2.5) lib/action_dispatch/middleware/request_id.rb:27:in `call'
rack (2.2.3) lib/rack/method_override.rb:24:in `call'
rack (2.2.3) lib/rack/runtime.rb:22:in `call'
activesupport (5.2.5) lib/active_support/cache/strategy/local_cache_middleware.rb:29:in `call'
actionpack (5.2.5) lib/action_dispatch/middleware/executor.rb:14:in `call'
actionpack (5.2.5) lib/action_dispatch/middleware/static.rb:127:in `call'
rack (2.2.3) lib/rack/sendfile.rb:110:in `call'
railties (5.2.5) lib/rails/engine.rb:524:in `call'
puma (3.12.6) lib/puma/configuration.rb:227:in `call'
puma (3.12.6) lib/puma/server.rb:706:in `handle_request'
puma (3.12.6) lib/puma/server.rb:476:in `process_client'
puma (3.12.6) lib/puma/server.rb:334:in `block in run'
puma (3.12.6) lib/puma/thread_pool.rb:135:in `block in spawn_thread'
Started GET "/login" for ::1 at 2021-05-11 09:47:12 -0400
  
ActionController::RoutingError (No route matches [GET] "/login"):
  
actionpack (5.2.5) lib/action_dispatch/middleware/debug_exceptions.rb:65:in `call'
web-console (3.7.0) lib/web_console/middleware.rb:135:in `call_app'
web-console (3.7.0) lib/web_console/middleware.rb:30:in `block in call'
web-console (3.7.0) lib/web_console/middleware.rb:20:in `catch'
web-console (3.7.0) lib/web_console/middleware.rb:20:in `call'
actionpack (5.2.5) lib/action_dispatch/middleware/show_exceptions.rb:33:in `call'
railties (5.2.5) lib/rails/rack/logger.rb:38:in `call_app'
railties (5.2.5) lib/rails/rack/logger.rb:26:in `block in call'
activesupport (5.2.5) lib/active_support/tagged_logging.rb:71:in `block in tagged'
activesupport (5.2.5) lib/active_support/tagged_logging.rb:28:in `tagged'
activesupport (5.2.5) lib/active_support/tagged_logging.rb:71:in `tagged'
railties (5.2.5) lib/rails/rack/logger.rb:26:in `call'
sprockets-rails (3.2.2) lib/sprockets/rails/quiet_assets.rb:13:in `call'
actionpack (5.2.5) lib/action_dispatch/middleware/remote_ip.rb:81:in `call'
actionpack (5.2.5) lib/action_dispatch/middleware/request_id.rb:27:in `call'
rack (2.2.3) lib/rack/method_override.rb:24:in `call'
rack (2.2.3) lib/rack/runtime.rb:22:in `call'
activesupport (5.2.5) lib/active_support/cache/strategy/local_cache_middleware.rb:29:in `call'
actionpack (5.2.5) lib/action_dispatch/middleware/executor.rb:14:in `call'
actionpack (5.2.5) lib/action_dispatch/middleware/static.rb:127:in `call'
rack (2.2.3) lib/rack/sendfile.rb:110:in `call'
railties (5.2.5) lib/rails/engine.rb:524:in `call'
puma (3.12.6) lib/puma/configuration.rb:227:in `call'
puma (3.12.6) lib/puma/server.rb:706:in `handle_request'
puma (3.12.6) lib/puma/server.rb:476:in `process_client'
puma (3.12.6) lib/puma/server.rb:334:in `block in run'
puma (3.12.6) lib/puma/thread_pool.rb:135:in `block in spawn_thread'
Started GET "/" for ::1 at 2021-05-11 10:03:10 -0400
Processing by Rails::WelcomeController#index as HTML
  Rendering /Users/Angela/.rbenv/versions/2.5.1/lib/ruby/gems/2.5.0/gems/railties-5.2.5/lib/rails/templates/rails/welcome/index.html.erb
  Rendered /Users/Angela/.rbenv/versions/2.5.1/lib/ruby/gems/2.5.0/gems/railties-5.2.5/lib/rails/templates/rails/welcome/index.html.erb (2.4ms)
Completed 200 OK in 98ms (Views: 6.0ms | ActiveRecord: 0.0ms)


Started GET "/" for ::1 at 2021-05-11 10:03:13 -0400
Processing by Rails::WelcomeController#index as HTML
  Rendering /Users/Angela/.rbenv/versions/2.5.1/lib/ruby/gems/2.5.0/gems/railties-5.2.5/lib/rails/templates/rails/welcome/index.html.erb
  Rendered /Users/Angela/.rbenv/versions/2.5.1/lib/ruby/gems/2.5.0/gems/railties-5.2.5/lib/rails/templates/rails/welcome/index.html.erb (3.1ms)
Completed 200 OK in 12ms (Views: 7.5ms | ActiveRecord: 0.0ms)


Started GET "/" for ::1 at 2021-05-11 10:03:55 -0400
Processing by Rails::WelcomeController#index as HTML
  Rendering /Users/Angela/.rbenv/versions/2.5.1/lib/ruby/gems/2.5.0/gems/railties-5.2.5/lib/rails/templates/rails/welcome/index.html.erb
  Rendered /Users/Angela/.rbenv/versions/2.5.1/lib/ruby/gems/2.5.0/gems/railties-5.2.5/lib/rails/templates/rails/welcome/index.html.erb (2.4ms)
Completed 200 OK in 12ms (Views: 7.5ms | ActiveRecord: 0.0ms)


Started GET "/" for ::1 at 2021-05-11 10:06:07 -0400
Processing by Rails::WelcomeController#index as HTML
  Rendering /Users/Angela/.rbenv/versions/2.5.1/lib/ruby/gems/2.5.0/gems/railties-5.2.5/lib/rails/templates/rails/welcome/index.html.erb
  Rendered /Users/Angela/.rbenv/versions/2.5.1/lib/ruby/gems/2.5.0/gems/railties-5.2.5/lib/rails/templates/rails/welcome/index.html.erb (2.3ms)
Completed 200 OK in 186ms (Views: 6.3ms | ActiveRecord: 0.0ms)


Started GET "/" for ::1 at 2021-05-11 10:06:57 -0400
Processing by Rails::WelcomeController#index as HTML
  Rendering /Users/Angela/.rbenv/versions/2.5.1/lib/ruby/gems/2.5.0/gems/railties-5.2.5/lib/rails/templates/rails/welcome/index.html.erb
  Rendered /Users/Angela/.rbenv/versions/2.5.1/lib/ruby/gems/2.5.0/gems/railties-5.2.5/lib/rails/templates/rails/welcome/index.html.erb (2.3ms)
Completed 200 OK in 11ms (Views: 7.1ms | ActiveRecord: 0.0ms)


Started GET "/" for ::1 at 2021-05-11 10:07:35 -0400
Processing by Rails::WelcomeController#index as HTML
  Rendering /Users/Angela/.rbenv/versions/2.5.1/lib/ruby/gems/2.5.0/gems/railties-5.2.5/lib/rails/templates/rails/welcome/index.html.erb
  Rendered /Users/Angela/.rbenv/versions/2.5.1/lib/ruby/gems/2.5.0/gems/railties-5.2.5/lib/rails/templates/rails/welcome/index.html.erb (1.9ms)
Completed 200 OK in 10ms (Views: 5.5ms | ActiveRecord: 0.0ms)


Started GET "/" for ::1 at 2021-05-11 10:07:40 -0400
Processing by Rails::WelcomeController#index as HTML
  Rendering /Users/Angela/.rbenv/versions/2.5.1/lib/ruby/gems/2.5.0/gems/railties-5.2.5/lib/rails/templates/rails/welcome/index.html.erb
  Rendered /Users/Angela/.rbenv/versions/2.5.1/lib/ruby/gems/2.5.0/gems/railties-5.2.5/lib/rails/templates/rails/welcome/index.html.erb (2.1ms)
Completed 200 OK in 12ms (Views: 7.1ms | ActiveRecord: 0.0ms)


Started GET "/signup" for ::1 at 2021-05-11 10:08:07 -0400
  
ActionController::RoutingError (No route matches [GET] "/signup"):
  
actionpack (5.2.5) lib/action_dispatch/middleware/debug_exceptions.rb:65:in `call'
web-console (3.7.0) lib/web_console/middleware.rb:135:in `call_app'
web-console (3.7.0) lib/web_console/middleware.rb:30:in `block in call'
web-console (3.7.0) lib/web_console/middleware.rb:20:in `catch'
web-console (3.7.0) lib/web_console/middleware.rb:20:in `call'
actionpack (5.2.5) lib/action_dispatch/middleware/show_exceptions.rb:33:in `call'
railties (5.2.5) lib/rails/rack/logger.rb:38:in `call_app'
railties (5.2.5) lib/rails/rack/logger.rb:26:in `block in call'
activesupport (5.2.5) lib/active_support/tagged_logging.rb:71:in `block in tagged'
activesupport (5.2.5) lib/active_support/tagged_logging.rb:28:in `tagged'
activesupport (5.2.5) lib/active_support/tagged_logging.rb:71:in `tagged'
railties (5.2.5) lib/rails/rack/logger.rb:26:in `call'
sprockets-rails (3.2.2) lib/sprockets/rails/quiet_assets.rb:13:in `call'
actionpack (5.2.5) lib/action_dispatch/middleware/remote_ip.rb:81:in `call'
actionpack (5.2.5) lib/action_dispatch/middleware/request_id.rb:27:in `call'
rack (2.2.3) lib/rack/method_override.rb:24:in `call'
rack (2.2.3) lib/rack/runtime.rb:22:in `call'
activesupport (5.2.5) lib/active_support/cache/strategy/local_cache_middleware.rb:29:in `call'
actionpack (5.2.5) lib/action_dispatch/middleware/executor.rb:14:in `call'
actionpack (5.2.5) lib/action_dispatch/middleware/static.rb:127:in `call'
rack (2.2.3) lib/rack/sendfile.rb:110:in `call'
railties (5.2.5) lib/rails/engine.rb:524:in `call'
puma (3.12.6) lib/puma/configuration.rb:227:in `call'
puma (3.12.6) lib/puma/server.rb:706:in `handle_request'
puma (3.12.6) lib/puma/server.rb:476:in `process_client'
puma (3.12.6) lib/puma/server.rb:334:in `block in run'
puma (3.12.6) lib/puma/thread_pool.rb:135:in `block in spawn_thread'
Started GET "/" for ::1 at 2021-05-11 10:08:14 -0400
Processing by Rails::WelcomeController#index as HTML
  Rendering /Users/Angela/.rbenv/versions/2.5.1/lib/ruby/gems/2.5.0/gems/railties-5.2.5/lib/rails/templates/rails/welcome/index.html.erb
  Rendered /Users/Angela/.rbenv/versions/2.5.1/lib/ruby/gems/2.5.0/gems/railties-5.2.5/lib/rails/templates/rails/welcome/index.html.erb (2.0ms)
Completed 200 OK in 12ms (Views: 8.2ms | ActiveRecord: 0.0ms)


Started GET "/" for ::1 at 2021-05-11 10:11:52 -0400
Processing by Rails::WelcomeController#index as HTML
  Rendering /Users/Angela/.rbenv/versions/2.5.1/lib/ruby/gems/2.5.0/gems/railties-5.2.5/lib/rails/templates/rails/welcome/index.html.erb
  Rendered /Users/Angela/.rbenv/versions/2.5.1/lib/ruby/gems/2.5.0/gems/railties-5.2.5/lib/rails/templates/rails/welcome/index.html.erb (1.6ms)
Completed 200 OK in 44ms (Views: 6.9ms | ActiveRecord: 0.0ms)


Started GET "/" for ::1 at 2021-05-11 10:38:03 -0400
  [1m[35m (188.2ms)[0m  [1m[34mSELECT "schema_migrations"."version" FROM "schema_migrations" ORDER BY "schema_migrations"."version" ASC[0m
  ↳ /Users/Angela/.rbenv/versions/2.5.1/lib/ruby/gems/2.5.0/gems/activerecord-5.2.5/lib/active_record/log_subscriber.rb:98
Processing by Rails::WelcomeController#index as HTML
  Rendering /Users/Angela/.rbenv/versions/2.5.1/lib/ruby/gems/2.5.0/gems/railties-5.2.5/lib/rails/templates/rails/welcome/index.html.erb
  Rendered /Users/Angela/.rbenv/versions/2.5.1/lib/ruby/gems/2.5.0/gems/railties-5.2.5/lib/rails/templates/rails/welcome/index.html.erb (3.9ms)
Completed 200 OK in 69ms (Views: 42.3ms | ActiveRecord: 0.0ms)


Started GET "/" for ::1 at 2021-05-11 10:38:06 -0400
Processing by Rails::WelcomeController#index as HTML
  Rendering /Users/Angela/.rbenv/versions/2.5.1/lib/ruby/gems/2.5.0/gems/railties-5.2.5/lib/rails/templates/rails/welcome/index.html.erb
  Rendered /Users/Angela/.rbenv/versions/2.5.1/lib/ruby/gems/2.5.0/gems/railties-5.2.5/lib/rails/templates/rails/welcome/index.html.erb (2.6ms)
Completed 200 OK in 12ms (Views: 6.9ms | ActiveRecord: 0.0ms)


Started GET "/" for ::1 at 2021-05-11 10:48:31 -0400
Processing by StaticPagesController#root as HTML
  Rendering static_pages/root.html.erb within layouts/application
  Rendered static_pages/root.html.erb within layouts/application (74.5ms)
Completed 500 Internal Server Error in 222ms (ActiveRecord: 0.0ms)


  
SyntaxError (/Users/Angela/Desktop/Fullstack/van-gogh-and-co/app/models/user.rb:30: syntax error, unexpected ':', expecting keyword_end
        class_name: :Gallery
                  ^):
  
app/models/user.rb:30: syntax error, unexpected ':', expecting keyword_end
app/controllers/application_controller.rb:7:in `current_user'
app/controllers/application_controller.rb:22:in `logged_in?'
app/views/static_pages/root.html.erb:1:in `_app_views_static_pages_root_html_erb__3008348504299531954_70253578480540'
Started GET "/" for ::1 at 2021-05-11 10:48:46 -0400
Processing by StaticPagesController#root as HTML
  Rendering static_pages/root.html.erb within layouts/application
  Rendered static_pages/root.html.erb within layouts/application (1.7ms)
Completed 500 Internal Server Error in 12ms (ActiveRecord: 0.0ms)


  
SyntaxError (/Users/Angela/Desktop/Fullstack/van-gogh-and-co/app/models/user.rb:30: syntax error, unexpected ':', expecting keyword_end
        class_name: :Gallery
                  ^):
  
app/models/user.rb:30: syntax error, unexpected ':', expecting keyword_end
app/controllers/application_controller.rb:7:in `current_user'
app/controllers/application_controller.rb:22:in `logged_in?'
app/views/static_pages/root.html.erb:1:in `_app_views_static_pages_root_html_erb__3008348504299531954_70253580040960'
Started GET "/" for ::1 at 2021-05-11 10:49:30 -0400
Processing by StaticPagesController#root as HTML
  Rendering static_pages/root.html.erb within layouts/application
  [1m[36mUser Load (203.6ms)[0m  [1m[34mSELECT  "users".* FROM "users" WHERE "users"."session_token" IS NULL LIMIT $1[0m  [["LIMIT", 1]]
  ↳ app/controllers/application_controller.rb:7
  Rendered static_pages/root.html.erb within layouts/application (360.3ms)
Completed 200 OK in 2576ms (Views: 2357.9ms | ActiveRecord: 214.7ms)


Started GET "/" for ::1 at 2021-05-11 10:49:38 -0400
Processing by StaticPagesController#root as HTML
  Rendering static_pages/root.html.erb within layouts/application
  [1m[36mUser Load (0.4ms)[0m  [1m[34mSELECT  "users".* FROM "users" WHERE "users"."session_token" IS NULL LIMIT $1[0m  [["LIMIT", 1]]
  ↳ app/controllers/application_controller.rb:7
  Rendered static_pages/root.html.erb within layouts/application (2.0ms)
Completed 200 OK in 68ms (Views: 25.8ms | ActiveRecord: 0.4ms)


Started GET "/" for ::1 at 2021-05-11 10:51:03 -0400
Processing by StaticPagesController#root as HTML
  Rendering static_pages/root.html.erb within layouts/application
  [1m[36mUser Load (0.4ms)[0m  [1m[34mSELECT  "users".* FROM "users" WHERE "users"."session_token" IS NULL LIMIT $1[0m  [["LIMIT", 1]]
  ↳ app/controllers/application_controller.rb:7
  Rendered static_pages/root.html.erb within layouts/application (2.1ms)
Completed 200 OK in 364ms (Views: 360.9ms | ActiveRecord: 0.4ms)


Started GET "/" for ::1 at 2021-05-11 10:51:08 -0400
Processing by StaticPagesController#root as HTML
  Rendering static_pages/root.html.erb within layouts/application
  [1m[36mUser Load (0.3ms)[0m  [1m[34mSELECT  "users".* FROM "users" WHERE "users"."session_token" IS NULL LIMIT $1[0m  [["LIMIT", 1]]
  ↳ app/controllers/application_controller.rb:7
  Rendered static_pages/root.html.erb within layouts/application (1.5ms)
Completed 200 OK in 316ms (Views: 312.2ms | ActiveRecord: 0.3ms)


Started GET "/" for ::1 at 2021-05-11 10:52:41 -0400
Processing by StaticPagesController#root as HTML
  Rendering static_pages/root.html.erb within layouts/application
  [1m[36mUser Load (0.4ms)[0m  [1m[34mSELECT  "users".* FROM "users" WHERE "users"."session_token" IS NULL LIMIT $1[0m  [["LIMIT", 1]]
  ↳ app/controllers/application_controller.rb:7
  Rendered static_pages/root.html.erb within layouts/application (1.8ms)
Completed 200 OK in 28ms (Views: 25.2ms | ActiveRecord: 0.4ms)


Started GET "/" for ::1 at 2021-05-11 10:53:25 -0400
Processing by StaticPagesController#root as HTML
  Rendering static_pages/root.html.erb within layouts/application
  [1m[36mUser Load (0.4ms)[0m  [1m[34mSELECT  "users".* FROM "users" WHERE "users"."session_token" IS NULL LIMIT $1[0m  [["LIMIT", 1]]
  ↳ app/controllers/application_controller.rb:7
  Rendered static_pages/root.html.erb within layouts/application (2.6ms)
Completed 200 OK in 25ms (Views: 22.4ms | ActiveRecord: 0.4ms)


Started GET "/" for ::1 at 2021-05-11 10:54:56 -0400
Processing by StaticPagesController#root as HTML
  Rendering static_pages/root.html.erb within layouts/application
  [1m[36mUser Load (0.2ms)[0m  [1m[34mSELECT  "users".* FROM "users" WHERE "users"."session_token" IS NULL LIMIT $1[0m  [["LIMIT", 1]]
  ↳ app/controllers/application_controller.rb:7
  Rendered static_pages/root.html.erb within layouts/application (1.5ms)
Completed 200 OK in 21ms (Views: 17.9ms | ActiveRecord: 0.2ms)


